Timing Analyzer report for main
Wed May 15 17:17:38 2024
Quartus Prime Version 20.1.1 Build 720 11/11/2020 SJ Lite Edition


---------------------
; Table of Contents ;
---------------------
  1. Legal Notice
  2. Timing Analyzer Summary
  3. Parallel Compilation
  4. Clocks
  5. Fmax Summary
  6. Setup Summary
  7. Hold Summary
  8. Recovery Summary
  9. Removal Summary
 10. Minimum Pulse Width Summary
 11. Setup: 'dFlipFlop:comb_5|q'
 12. Setup: 'delay:comb_3|dFlipFlop:F11|q'
 13. Setup: 'delay:comb_3|dFlipFlop:F13|q'
 14. Setup: 'delay:comb_3|dFlipFlop:F6|q'
 15. Setup: 'delay:comb_3|dFlipFlop:F1|q'
 16. Setup: 'delay:comb_3|dFlipFlop:F3|q'
 17. Setup: 'delay:comb_3|dFlipFlop:F15|q'
 18. Setup: 'delay:comb_3|dFlipFlop:F2|q'
 19. Setup: 'delay:comb_3|dFlipFlop:F14|q'
 20. Setup: 'delay:comb_3|dFlipFlop:F4|q'
 21. Setup: 'delay:comb_3|dFlipFlop:F9|q'
 22. Setup: 'delay:comb_3|dFlipFlop:F0|q'
 23. Setup: 'delay:comb_3|dFlipFlop:F7|q'
 24. Setup: 'delay:comb_3|dFlipFlop:F8|q'
 25. Setup: 'delay:comb_3|dFlipFlop:F10|q'
 26. Setup: 'delay:comb_3|dFlipFlop:F12|q'
 27. Setup: 'dFlipFlop:comb_4|q'
 28. Setup: 'delay:comb_3|dFlipFlop:F5|q'
 29. Setup: 'CLK'
 30. Hold: 'CLK'
 31. Hold: 'delay:comb_3|dFlipFlop:F5|q'
 32. Hold: 'dFlipFlop:comb_4|q'
 33. Hold: 'delay:comb_3|dFlipFlop:F12|q'
 34. Hold: 'delay:comb_3|dFlipFlop:F10|q'
 35. Hold: 'delay:comb_3|dFlipFlop:F7|q'
 36. Hold: 'delay:comb_3|dFlipFlop:F8|q'
 37. Hold: 'delay:comb_3|dFlipFlop:F0|q'
 38. Hold: 'delay:comb_3|dFlipFlop:F9|q'
 39. Hold: 'delay:comb_3|dFlipFlop:F14|q'
 40. Hold: 'delay:comb_3|dFlipFlop:F4|q'
 41. Hold: 'delay:comb_3|dFlipFlop:F2|q'
 42. Hold: 'delay:comb_3|dFlipFlop:F15|q'
 43. Hold: 'delay:comb_3|dFlipFlop:F1|q'
 44. Hold: 'delay:comb_3|dFlipFlop:F3|q'
 45. Hold: 'delay:comb_3|dFlipFlop:F11|q'
 46. Hold: 'delay:comb_3|dFlipFlop:F13|q'
 47. Hold: 'delay:comb_3|dFlipFlop:F6|q'
 48. Hold: 'dFlipFlop:comb_5|q'
 49. Setup Transfers
 50. Hold Transfers
 51. Report TCCS
 52. Report RSKM
 53. Unconstrained Paths Summary
 54. Clock Status Summary
 55. Unconstrained Output Ports
 56. Unconstrained Output Ports
 57. Timing Analyzer Messages



----------------
; Legal Notice ;
----------------
Copyright (C) 2020  Intel Corporation. All rights reserved.
Your use of Intel Corporation's design tools, logic functions 
and other software and tools, and any partner logic 
functions, and any output files from any of the foregoing 
(including device programming or simulation files), and any 
associated documentation or information are expressly subject 
to the terms and conditions of the Intel Program License 
Subscription Agreement, the Intel Quartus Prime License Agreement,
the Intel FPGA IP License Agreement, or other applicable license
agreement, including, without limitation, that your use is for
the sole purpose of programming logic devices manufactured by
Intel and sold by Intel or its authorized distributors.  Please
refer to the applicable agreement for further details, at
https://fpgasoftware.intel.com/eula.



+-----------------------------------------------------------------------------+
; Timing Analyzer Summary                                                     ;
+-----------------------+-----------------------------------------------------+
; Quartus Prime Version ; Version 20.1.1 Build 720 11/11/2020 SJ Lite Edition ;
; Timing Analyzer       ; Legacy Timing Analyzer                              ;
; Revision Name         ; main                                                ;
; Device Family         ; MAX II                                              ;
; Device Name           ; EPM240T100C5                                        ;
; Timing Models         ; Final                                               ;
; Delay Model           ; Slow Model                                          ;
; Rise/Fall Delays      ; Unavailable                                         ;
+-----------------------+-----------------------------------------------------+


+------------------------------------------+
; Parallel Compilation                     ;
+----------------------------+-------------+
; Processors                 ; Number      ;
+----------------------------+-------------+
; Number detected on machine ; 6           ;
; Maximum allowed            ; 6           ;
;                            ;             ;
; Average used               ; 1.00        ;
; Maximum used               ; 6           ;
;                            ;             ;
; Usage by Processor         ; % Time Used ;
;     Processor 1            ; 100.0%      ;
;     Processor 2            ;   0.0%      ;
;     Processors 3-6         ;   0.0%      ;
+----------------------------+-------------+


+----------------------------------------------------------------------------------------------------------------------------------------------------------------------------------------------------------------------------+
; Clocks                                                                                                                                                                                                                     ;
+------------------------------+------+--------+------------+-------+-------+------------+-----------+-------------+-------+--------+-----------+------------+----------+--------+--------+----------------------------------+
; Clock Name                   ; Type ; Period ; Frequency  ; Rise  ; Fall  ; Duty Cycle ; Divide by ; Multiply by ; Phase ; Offset ; Edge List ; Edge Shift ; Inverted ; Master ; Source ; Targets                          ;
+------------------------------+------+--------+------------+-------+-------+------------+-----------+-------------+-------+--------+-----------+------------+----------+--------+--------+----------------------------------+
; CLK                          ; Base ; 1.000  ; 1000.0 MHz ; 0.000 ; 0.500 ;            ;           ;             ;       ;        ;           ;            ;          ;        ;        ; { CLK }                          ;
; delay:comb_3|dFlipFlop:F0|q  ; Base ; 1.000  ; 1000.0 MHz ; 0.000 ; 0.500 ;            ;           ;             ;       ;        ;           ;            ;          ;        ;        ; { delay:comb_3|dFlipFlop:F0|q }  ;
; delay:comb_3|dFlipFlop:F1|q  ; Base ; 1.000  ; 1000.0 MHz ; 0.000 ; 0.500 ;            ;           ;             ;       ;        ;           ;            ;          ;        ;        ; { delay:comb_3|dFlipFlop:F1|q }  ;
; delay:comb_3|dFlipFlop:F2|q  ; Base ; 1.000  ; 1000.0 MHz ; 0.000 ; 0.500 ;            ;           ;             ;       ;        ;           ;            ;          ;        ;        ; { delay:comb_3|dFlipFlop:F2|q }  ;
; delay:comb_3|dFlipFlop:F3|q  ; Base ; 1.000  ; 1000.0 MHz ; 0.000 ; 0.500 ;            ;           ;             ;       ;        ;           ;            ;          ;        ;        ; { delay:comb_3|dFlipFlop:F3|q }  ;
; delay:comb_3|dFlipFlop:F4|q  ; Base ; 1.000  ; 1000.0 MHz ; 0.000 ; 0.500 ;            ;           ;             ;       ;        ;           ;            ;          ;        ;        ; { delay:comb_3|dFlipFlop:F4|q }  ;
; delay:comb_3|dFlipFlop:F5|q  ; Base ; 1.000  ; 1000.0 MHz ; 0.000 ; 0.500 ;            ;           ;             ;       ;        ;           ;            ;          ;        ;        ; { delay:comb_3|dFlipFlop:F5|q }  ;
; delay:comb_3|dFlipFlop:F6|q  ; Base ; 1.000  ; 1000.0 MHz ; 0.000 ; 0.500 ;            ;           ;             ;       ;        ;           ;            ;          ;        ;        ; { delay:comb_3|dFlipFlop:F6|q }  ;
; delay:comb_3|dFlipFlop:F7|q  ; Base ; 1.000  ; 1000.0 MHz ; 0.000 ; 0.500 ;            ;           ;             ;       ;        ;           ;            ;          ;        ;        ; { delay:comb_3|dFlipFlop:F7|q }  ;
; delay:comb_3|dFlipFlop:F8|q  ; Base ; 1.000  ; 1000.0 MHz ; 0.000 ; 0.500 ;            ;           ;             ;       ;        ;           ;            ;          ;        ;        ; { delay:comb_3|dFlipFlop:F8|q }  ;
; delay:comb_3|dFlipFlop:F9|q  ; Base ; 1.000  ; 1000.0 MHz ; 0.000 ; 0.500 ;            ;           ;             ;       ;        ;           ;            ;          ;        ;        ; { delay:comb_3|dFlipFlop:F9|q }  ;
; delay:comb_3|dFlipFlop:F10|q ; Base ; 1.000  ; 1000.0 MHz ; 0.000 ; 0.500 ;            ;           ;             ;       ;        ;           ;            ;          ;        ;        ; { delay:comb_3|dFlipFlop:F10|q } ;
; delay:comb_3|dFlipFlop:F11|q ; Base ; 1.000  ; 1000.0 MHz ; 0.000 ; 0.500 ;            ;           ;             ;       ;        ;           ;            ;          ;        ;        ; { delay:comb_3|dFlipFlop:F11|q } ;
; delay:comb_3|dFlipFlop:F12|q ; Base ; 1.000  ; 1000.0 MHz ; 0.000 ; 0.500 ;            ;           ;             ;       ;        ;           ;            ;          ;        ;        ; { delay:comb_3|dFlipFlop:F12|q } ;
; delay:comb_3|dFlipFlop:F13|q ; Base ; 1.000  ; 1000.0 MHz ; 0.000 ; 0.500 ;            ;           ;             ;       ;        ;           ;            ;          ;        ;        ; { delay:comb_3|dFlipFlop:F13|q } ;
; delay:comb_3|dFlipFlop:F14|q ; Base ; 1.000  ; 1000.0 MHz ; 0.000 ; 0.500 ;            ;           ;             ;       ;        ;           ;            ;          ;        ;        ; { delay:comb_3|dFlipFlop:F14|q } ;
; delay:comb_3|dFlipFlop:F15|q ; Base ; 1.000  ; 1000.0 MHz ; 0.000 ; 0.500 ;            ;           ;             ;       ;        ;           ;            ;          ;        ;        ; { delay:comb_3|dFlipFlop:F15|q } ;
; dFlipFlop:comb_4|q           ; Base ; 1.000  ; 1000.0 MHz ; 0.000 ; 0.500 ;            ;           ;             ;       ;        ;           ;            ;          ;        ;        ; { dFlipFlop:comb_4|q }           ;
; dFlipFlop:comb_5|q           ; Base ; 1.000  ; 1000.0 MHz ; 0.000 ; 0.500 ;            ;           ;             ;       ;        ;           ;            ;          ;        ;        ; { dFlipFlop:comb_5|q }           ;
+------------------------------+------+--------+------------+-------+-------+------------+-----------+-------------+-------+--------+-----------+------------+----------+--------+--------+----------------------------------+


+----------------------------------------------------------+
; Fmax Summary                                             ;
+------------+-----------------+--------------------+------+
; Fmax       ; Restricted Fmax ; Clock Name         ; Note ;
+------------+-----------------+--------------------+------+
; 455.79 MHz ; 455.79 MHz      ; dFlipFlop:comb_5|q ;      ;
+------------+-----------------+--------------------+------+
This panel reports FMAX for every clock in the design, regardless of the user-specified clock periods.  FMAX is only computed for paths where the source and destination registers or ports are driven by the same clock.  Paths of different clocks, including generated clocks, are ignored.  For paths between a clock and its inversion, FMAX is computed as if the rising and falling edges are scaled along with FMAX, such that the duty cycle (in terms of a percentage) is maintained. Altera recommends that you always use clock constraints and other slack reports for sign-off analysis.


+-------------------------------------------------------+
; Setup Summary                                         ;
+------------------------------+--------+---------------+
; Clock                        ; Slack  ; End Point TNS ;
+------------------------------+--------+---------------+
; dFlipFlop:comb_5|q           ; -1.194 ; -1.194        ;
; delay:comb_3|dFlipFlop:F11|q ; 0.466  ; 0.000         ;
; delay:comb_3|dFlipFlop:F13|q ; 0.466  ; 0.000         ;
; delay:comb_3|dFlipFlop:F6|q  ; 0.466  ; 0.000         ;
; delay:comb_3|dFlipFlop:F1|q  ; 0.467  ; 0.000         ;
; delay:comb_3|dFlipFlop:F3|q  ; 0.467  ; 0.000         ;
; delay:comb_3|dFlipFlop:F15|q ; 0.468  ; 0.000         ;
; delay:comb_3|dFlipFlop:F2|q  ; 0.808  ; 0.000         ;
; delay:comb_3|dFlipFlop:F14|q ; 0.825  ; 0.000         ;
; delay:comb_3|dFlipFlop:F4|q  ; 0.825  ; 0.000         ;
; delay:comb_3|dFlipFlop:F9|q  ; 0.827  ; 0.000         ;
; delay:comb_3|dFlipFlop:F0|q  ; 0.833  ; 0.000         ;
; delay:comb_3|dFlipFlop:F7|q  ; 0.842  ; 0.000         ;
; delay:comb_3|dFlipFlop:F8|q  ; 0.842  ; 0.000         ;
; delay:comb_3|dFlipFlop:F10|q ; 1.005  ; 0.000         ;
; delay:comb_3|dFlipFlop:F12|q ; 1.208  ; 0.000         ;
; dFlipFlop:comb_4|q           ; 1.211  ; 0.000         ;
; delay:comb_3|dFlipFlop:F5|q  ; 1.287  ; 0.000         ;
; CLK                          ; 1.924  ; 0.000         ;
+------------------------------+--------+---------------+


+-------------------------------------------------------+
; Hold Summary                                          ;
+------------------------------+--------+---------------+
; Clock                        ; Slack  ; End Point TNS ;
+------------------------------+--------+---------------+
; CLK                          ; -1.978 ; -1.978        ;
; delay:comb_3|dFlipFlop:F5|q  ; -1.341 ; -1.341        ;
; dFlipFlop:comb_4|q           ; -1.265 ; -1.265        ;
; delay:comb_3|dFlipFlop:F12|q ; -1.262 ; -1.262        ;
; delay:comb_3|dFlipFlop:F10|q ; -1.059 ; -1.059        ;
; delay:comb_3|dFlipFlop:F7|q  ; -0.896 ; -0.896        ;
; delay:comb_3|dFlipFlop:F8|q  ; -0.896 ; -0.896        ;
; delay:comb_3|dFlipFlop:F0|q  ; -0.887 ; -0.887        ;
; delay:comb_3|dFlipFlop:F9|q  ; -0.881 ; -0.881        ;
; delay:comb_3|dFlipFlop:F14|q ; -0.879 ; -0.879        ;
; delay:comb_3|dFlipFlop:F4|q  ; -0.879 ; -0.879        ;
; delay:comb_3|dFlipFlop:F2|q  ; -0.862 ; -0.862        ;
; delay:comb_3|dFlipFlop:F15|q ; -0.522 ; -0.522        ;
; delay:comb_3|dFlipFlop:F1|q  ; -0.521 ; -0.521        ;
; delay:comb_3|dFlipFlop:F3|q  ; -0.521 ; -0.521        ;
; delay:comb_3|dFlipFlop:F11|q ; -0.520 ; -0.520        ;
; delay:comb_3|dFlipFlop:F13|q ; -0.520 ; -0.520        ;
; delay:comb_3|dFlipFlop:F6|q  ; -0.520 ; -0.520        ;
; dFlipFlop:comb_5|q           ; 1.640  ; 0.000         ;
+------------------------------+--------+---------------+


--------------------
; Recovery Summary ;
--------------------
No paths to report.


-------------------
; Removal Summary ;
-------------------
No paths to report.


+-------------------------------------------------------+
; Minimum Pulse Width Summary                           ;
+------------------------------+--------+---------------+
; Clock                        ; Slack  ; End Point TNS ;
+------------------------------+--------+---------------+
; CLK                          ; -2.289 ; -2.289        ;
; dFlipFlop:comb_4|q           ; 0.234  ; 0.000         ;
; dFlipFlop:comb_5|q           ; 0.234  ; 0.000         ;
; delay:comb_3|dFlipFlop:F0|q  ; 0.234  ; 0.000         ;
; delay:comb_3|dFlipFlop:F10|q ; 0.234  ; 0.000         ;
; delay:comb_3|dFlipFlop:F11|q ; 0.234  ; 0.000         ;
; delay:comb_3|dFlipFlop:F12|q ; 0.234  ; 0.000         ;
; delay:comb_3|dFlipFlop:F13|q ; 0.234  ; 0.000         ;
; delay:comb_3|dFlipFlop:F14|q ; 0.234  ; 0.000         ;
; delay:comb_3|dFlipFlop:F15|q ; 0.234  ; 0.000         ;
; delay:comb_3|dFlipFlop:F1|q  ; 0.234  ; 0.000         ;
; delay:comb_3|dFlipFlop:F2|q  ; 0.234  ; 0.000         ;
; delay:comb_3|dFlipFlop:F3|q  ; 0.234  ; 0.000         ;
; delay:comb_3|dFlipFlop:F4|q  ; 0.234  ; 0.000         ;
; delay:comb_3|dFlipFlop:F5|q  ; 0.234  ; 0.000         ;
; delay:comb_3|dFlipFlop:F6|q  ; 0.234  ; 0.000         ;
; delay:comb_3|dFlipFlop:F7|q  ; 0.234  ; 0.000         ;
; delay:comb_3|dFlipFlop:F8|q  ; 0.234  ; 0.000         ;
; delay:comb_3|dFlipFlop:F9|q  ; 0.234  ; 0.000         ;
+------------------------------+--------+---------------+


+-------------------------------------------------------------------------------------------------------------------------------------+
; Setup: 'dFlipFlop:comb_5|q'                                                                                                         ;
+--------+--------------------+--------------------+--------------------+--------------------+--------------+------------+------------+
; Slack  ; From Node          ; To Node            ; Launch Clock       ; Latch Clock        ; Relationship ; Clock Skew ; Data Delay ;
+--------+--------------------+--------------------+--------------------+--------------------+--------------+------------+------------+
; -1.194 ; dFlipFlop:comb_6|q ; dFlipFlop:comb_6|q ; dFlipFlop:comb_5|q ; dFlipFlop:comb_5|q ; 1.000        ; 0.000      ; 1.861      ;
+--------+--------------------+--------------------+--------------------+--------------------+--------------+------------+------------+


+----------------------------------------------------------------------------------------------------------------------------------------------------------------------------+
; Setup: 'delay:comb_3|dFlipFlop:F11|q'                                                                                                                                      ;
+-------+------------------------------+------------------------------+------------------------------+------------------------------+--------------+------------+------------+
; Slack ; From Node                    ; To Node                      ; Launch Clock                 ; Latch Clock                  ; Relationship ; Clock Skew ; Data Delay ;
+-------+------------------------------+------------------------------+------------------------------+------------------------------+--------------+------------+------------+
; 0.466 ; delay:comb_3|dFlipFlop:F12|q ; delay:comb_3|dFlipFlop:F12|q ; delay:comb_3|dFlipFlop:F12|q ; delay:comb_3|dFlipFlop:F11|q ; 0.500        ; 1.784      ; 1.861      ;
; 0.966 ; delay:comb_3|dFlipFlop:F12|q ; delay:comb_3|dFlipFlop:F12|q ; delay:comb_3|dFlipFlop:F12|q ; delay:comb_3|dFlipFlop:F11|q ; 1.000        ; 1.784      ; 1.861      ;
+-------+------------------------------+------------------------------+------------------------------+------------------------------+--------------+------------+------------+


+----------------------------------------------------------------------------------------------------------------------------------------------------------------------------+
; Setup: 'delay:comb_3|dFlipFlop:F13|q'                                                                                                                                      ;
+-------+------------------------------+------------------------------+------------------------------+------------------------------+--------------+------------+------------+
; Slack ; From Node                    ; To Node                      ; Launch Clock                 ; Latch Clock                  ; Relationship ; Clock Skew ; Data Delay ;
+-------+------------------------------+------------------------------+------------------------------+------------------------------+--------------+------------+------------+
; 0.466 ; delay:comb_3|dFlipFlop:F14|q ; delay:comb_3|dFlipFlop:F14|q ; delay:comb_3|dFlipFlop:F14|q ; delay:comb_3|dFlipFlop:F13|q ; 0.500        ; 1.784      ; 1.861      ;
; 0.966 ; delay:comb_3|dFlipFlop:F14|q ; delay:comb_3|dFlipFlop:F14|q ; delay:comb_3|dFlipFlop:F14|q ; delay:comb_3|dFlipFlop:F13|q ; 1.000        ; 1.784      ; 1.861      ;
+-------+------------------------------+------------------------------+------------------------------+------------------------------+--------------+------------+------------+


+------------------------------------------------------------------------------------------------------------------------------------------------------------------------+
; Setup: 'delay:comb_3|dFlipFlop:F6|q'                                                                                                                                   ;
+-------+-----------------------------+-----------------------------+-----------------------------+-----------------------------+--------------+------------+------------+
; Slack ; From Node                   ; To Node                     ; Launch Clock                ; Latch Clock                 ; Relationship ; Clock Skew ; Data Delay ;
+-------+-----------------------------+-----------------------------+-----------------------------+-----------------------------+--------------+------------+------------+
; 0.466 ; delay:comb_3|dFlipFlop:F7|q ; delay:comb_3|dFlipFlop:F7|q ; delay:comb_3|dFlipFlop:F7|q ; delay:comb_3|dFlipFlop:F6|q ; 0.500        ; 1.784      ; 1.861      ;
; 0.966 ; delay:comb_3|dFlipFlop:F7|q ; delay:comb_3|dFlipFlop:F7|q ; delay:comb_3|dFlipFlop:F7|q ; delay:comb_3|dFlipFlop:F6|q ; 1.000        ; 1.784      ; 1.861      ;
+-------+-----------------------------+-----------------------------+-----------------------------+-----------------------------+--------------+------------+------------+


+------------------------------------------------------------------------------------------------------------------------------------------------------------------------+
; Setup: 'delay:comb_3|dFlipFlop:F1|q'                                                                                                                                   ;
+-------+-----------------------------+-----------------------------+-----------------------------+-----------------------------+--------------+------------+------------+
; Slack ; From Node                   ; To Node                     ; Launch Clock                ; Latch Clock                 ; Relationship ; Clock Skew ; Data Delay ;
+-------+-----------------------------+-----------------------------+-----------------------------+-----------------------------+--------------+------------+------------+
; 0.467 ; delay:comb_3|dFlipFlop:F2|q ; delay:comb_3|dFlipFlop:F2|q ; delay:comb_3|dFlipFlop:F2|q ; delay:comb_3|dFlipFlop:F1|q ; 0.500        ; 1.784      ; 1.860      ;
; 0.967 ; delay:comb_3|dFlipFlop:F2|q ; delay:comb_3|dFlipFlop:F2|q ; delay:comb_3|dFlipFlop:F2|q ; delay:comb_3|dFlipFlop:F1|q ; 1.000        ; 1.784      ; 1.860      ;
+-------+-----------------------------+-----------------------------+-----------------------------+-----------------------------+--------------+------------+------------+


+------------------------------------------------------------------------------------------------------------------------------------------------------------------------+
; Setup: 'delay:comb_3|dFlipFlop:F3|q'                                                                                                                                   ;
+-------+-----------------------------+-----------------------------+-----------------------------+-----------------------------+--------------+------------+------------+
; Slack ; From Node                   ; To Node                     ; Launch Clock                ; Latch Clock                 ; Relationship ; Clock Skew ; Data Delay ;
+-------+-----------------------------+-----------------------------+-----------------------------+-----------------------------+--------------+------------+------------+
; 0.467 ; delay:comb_3|dFlipFlop:F4|q ; delay:comb_3|dFlipFlop:F4|q ; delay:comb_3|dFlipFlop:F4|q ; delay:comb_3|dFlipFlop:F3|q ; 0.500        ; 1.784      ; 1.860      ;
; 0.967 ; delay:comb_3|dFlipFlop:F4|q ; delay:comb_3|dFlipFlop:F4|q ; delay:comb_3|dFlipFlop:F4|q ; delay:comb_3|dFlipFlop:F3|q ; 1.000        ; 1.784      ; 1.860      ;
+-------+-----------------------------+-----------------------------+-----------------------------+-----------------------------+--------------+------------+------------+


+----------------------------------------------------------------------------------------------------------------------------------------------+
; Setup: 'delay:comb_3|dFlipFlop:F15|q'                                                                                                        ;
+-------+--------------------+--------------------+--------------------+------------------------------+--------------+------------+------------+
; Slack ; From Node          ; To Node            ; Launch Clock       ; Latch Clock                  ; Relationship ; Clock Skew ; Data Delay ;
+-------+--------------------+--------------------+--------------------+------------------------------+--------------+------------+------------+
; 0.468 ; dFlipFlop:comb_4|q ; dFlipFlop:comb_4|q ; dFlipFlop:comb_4|q ; delay:comb_3|dFlipFlop:F15|q ; 0.500        ; 1.785      ; 1.860      ;
; 0.968 ; dFlipFlop:comb_4|q ; dFlipFlop:comb_4|q ; dFlipFlop:comb_4|q ; delay:comb_3|dFlipFlop:F15|q ; 1.000        ; 1.785      ; 1.860      ;
+-------+--------------------+--------------------+--------------------+------------------------------+--------------+------------+------------+


+------------------------------------------------------------------------------------------------------------------------------------------------------------------------+
; Setup: 'delay:comb_3|dFlipFlop:F2|q'                                                                                                                                   ;
+-------+-----------------------------+-----------------------------+-----------------------------+-----------------------------+--------------+------------+------------+
; Slack ; From Node                   ; To Node                     ; Launch Clock                ; Latch Clock                 ; Relationship ; Clock Skew ; Data Delay ;
+-------+-----------------------------+-----------------------------+-----------------------------+-----------------------------+--------------+------------+------------+
; 0.808 ; delay:comb_3|dFlipFlop:F3|q ; delay:comb_3|dFlipFlop:F3|q ; delay:comb_3|dFlipFlop:F3|q ; delay:comb_3|dFlipFlop:F2|q ; 0.500        ; 2.144      ; 1.879      ;
; 1.308 ; delay:comb_3|dFlipFlop:F3|q ; delay:comb_3|dFlipFlop:F3|q ; delay:comb_3|dFlipFlop:F3|q ; delay:comb_3|dFlipFlop:F2|q ; 1.000        ; 2.144      ; 1.879      ;
+-------+-----------------------------+-----------------------------+-----------------------------+-----------------------------+--------------+------------+------------+


+----------------------------------------------------------------------------------------------------------------------------------------------------------------------------+
; Setup: 'delay:comb_3|dFlipFlop:F14|q'                                                                                                                                      ;
+-------+------------------------------+------------------------------+------------------------------+------------------------------+--------------+------------+------------+
; Slack ; From Node                    ; To Node                      ; Launch Clock                 ; Latch Clock                  ; Relationship ; Clock Skew ; Data Delay ;
+-------+------------------------------+------------------------------+------------------------------+------------------------------+--------------+------------+------------+
; 0.825 ; delay:comb_3|dFlipFlop:F15|q ; delay:comb_3|dFlipFlop:F15|q ; delay:comb_3|dFlipFlop:F15|q ; delay:comb_3|dFlipFlop:F14|q ; 0.500        ; 2.160      ; 1.878      ;
; 1.325 ; delay:comb_3|dFlipFlop:F15|q ; delay:comb_3|dFlipFlop:F15|q ; delay:comb_3|dFlipFlop:F15|q ; delay:comb_3|dFlipFlop:F14|q ; 1.000        ; 2.160      ; 1.878      ;
+-------+------------------------------+------------------------------+------------------------------+------------------------------+--------------+------------+------------+


+------------------------------------------------------------------------------------------------------------------------------------------------------------------------+
; Setup: 'delay:comb_3|dFlipFlop:F4|q'                                                                                                                                   ;
+-------+-----------------------------+-----------------------------+-----------------------------+-----------------------------+--------------+------------+------------+
; Slack ; From Node                   ; To Node                     ; Launch Clock                ; Latch Clock                 ; Relationship ; Clock Skew ; Data Delay ;
+-------+-----------------------------+-----------------------------+-----------------------------+-----------------------------+--------------+------------+------------+
; 0.825 ; delay:comb_3|dFlipFlop:F5|q ; delay:comb_3|dFlipFlop:F5|q ; delay:comb_3|dFlipFlop:F5|q ; delay:comb_3|dFlipFlop:F4|q ; 0.500        ; 2.143      ; 1.861      ;
; 1.325 ; delay:comb_3|dFlipFlop:F5|q ; delay:comb_3|dFlipFlop:F5|q ; delay:comb_3|dFlipFlop:F5|q ; delay:comb_3|dFlipFlop:F4|q ; 1.000        ; 2.143      ; 1.861      ;
+-------+-----------------------------+-----------------------------+-----------------------------+-----------------------------+--------------+------------+------------+


+---------------------------------------------------------------------------------------------------------------------------------------------------------------------------+
; Setup: 'delay:comb_3|dFlipFlop:F9|q'                                                                                                                                      ;
+-------+------------------------------+------------------------------+------------------------------+-----------------------------+--------------+------------+------------+
; Slack ; From Node                    ; To Node                      ; Launch Clock                 ; Latch Clock                 ; Relationship ; Clock Skew ; Data Delay ;
+-------+------------------------------+------------------------------+------------------------------+-----------------------------+--------------+------------+------------+
; 0.827 ; delay:comb_3|dFlipFlop:F10|q ; delay:comb_3|dFlipFlop:F10|q ; delay:comb_3|dFlipFlop:F10|q ; delay:comb_3|dFlipFlop:F9|q ; 0.500        ; 2.144      ; 1.860      ;
; 1.327 ; delay:comb_3|dFlipFlop:F10|q ; delay:comb_3|dFlipFlop:F10|q ; delay:comb_3|dFlipFlop:F10|q ; delay:comb_3|dFlipFlop:F9|q ; 1.000        ; 2.144      ; 1.860      ;
+-------+------------------------------+------------------------------+------------------------------+-----------------------------+--------------+------------+------------+


+------------------------------------------------------------------------------------------------------------------------------------------------------------------------+
; Setup: 'delay:comb_3|dFlipFlop:F0|q'                                                                                                                                   ;
+-------+-----------------------------+-----------------------------+-----------------------------+-----------------------------+--------------+------------+------------+
; Slack ; From Node                   ; To Node                     ; Launch Clock                ; Latch Clock                 ; Relationship ; Clock Skew ; Data Delay ;
+-------+-----------------------------+-----------------------------+-----------------------------+-----------------------------+--------------+------------+------------+
; 0.833 ; delay:comb_3|dFlipFlop:F1|q ; delay:comb_3|dFlipFlop:F1|q ; delay:comb_3|dFlipFlop:F1|q ; delay:comb_3|dFlipFlop:F0|q ; 0.500        ; 2.169      ; 1.879      ;
; 1.333 ; delay:comb_3|dFlipFlop:F1|q ; delay:comb_3|dFlipFlop:F1|q ; delay:comb_3|dFlipFlop:F1|q ; delay:comb_3|dFlipFlop:F0|q ; 1.000        ; 2.169      ; 1.879      ;
+-------+-----------------------------+-----------------------------+-----------------------------+-----------------------------+--------------+------------+------------+


+------------------------------------------------------------------------------------------------------------------------------------------------------------------------+
; Setup: 'delay:comb_3|dFlipFlop:F7|q'                                                                                                                                   ;
+-------+-----------------------------+-----------------------------+-----------------------------+-----------------------------+--------------+------------+------------+
; Slack ; From Node                   ; To Node                     ; Launch Clock                ; Latch Clock                 ; Relationship ; Clock Skew ; Data Delay ;
+-------+-----------------------------+-----------------------------+-----------------------------+-----------------------------+--------------+------------+------------+
; 0.842 ; delay:comb_3|dFlipFlop:F8|q ; delay:comb_3|dFlipFlop:F8|q ; delay:comb_3|dFlipFlop:F8|q ; delay:comb_3|dFlipFlop:F7|q ; 0.500        ; 2.160      ; 1.861      ;
; 1.342 ; delay:comb_3|dFlipFlop:F8|q ; delay:comb_3|dFlipFlop:F8|q ; delay:comb_3|dFlipFlop:F8|q ; delay:comb_3|dFlipFlop:F7|q ; 1.000        ; 2.160      ; 1.861      ;
+-------+-----------------------------+-----------------------------+-----------------------------+-----------------------------+--------------+------------+------------+


+------------------------------------------------------------------------------------------------------------------------------------------------------------------------+
; Setup: 'delay:comb_3|dFlipFlop:F8|q'                                                                                                                                   ;
+-------+-----------------------------+-----------------------------+-----------------------------+-----------------------------+--------------+------------+------------+
; Slack ; From Node                   ; To Node                     ; Launch Clock                ; Latch Clock                 ; Relationship ; Clock Skew ; Data Delay ;
+-------+-----------------------------+-----------------------------+-----------------------------+-----------------------------+--------------+------------+------------+
; 0.842 ; delay:comb_3|dFlipFlop:F9|q ; delay:comb_3|dFlipFlop:F9|q ; delay:comb_3|dFlipFlop:F9|q ; delay:comb_3|dFlipFlop:F8|q ; 0.500        ; 2.160      ; 1.861      ;
; 1.342 ; delay:comb_3|dFlipFlop:F9|q ; delay:comb_3|dFlipFlop:F9|q ; delay:comb_3|dFlipFlop:F9|q ; delay:comb_3|dFlipFlop:F8|q ; 1.000        ; 2.160      ; 1.861      ;
+-------+-----------------------------+-----------------------------+-----------------------------+-----------------------------+--------------+------------+------------+


+----------------------------------------------------------------------------------------------------------------------------------------------------------------------------+
; Setup: 'delay:comb_3|dFlipFlop:F10|q'                                                                                                                                      ;
+-------+------------------------------+------------------------------+------------------------------+------------------------------+--------------+------------+------------+
; Slack ; From Node                    ; To Node                      ; Launch Clock                 ; Latch Clock                  ; Relationship ; Clock Skew ; Data Delay ;
+-------+------------------------------+------------------------------+------------------------------+------------------------------+--------------+------------+------------+
; 1.005 ; delay:comb_3|dFlipFlop:F11|q ; delay:comb_3|dFlipFlop:F11|q ; delay:comb_3|dFlipFlop:F11|q ; delay:comb_3|dFlipFlop:F10|q ; 0.500        ; 2.600      ; 2.138      ;
; 1.505 ; delay:comb_3|dFlipFlop:F11|q ; delay:comb_3|dFlipFlop:F11|q ; delay:comb_3|dFlipFlop:F11|q ; delay:comb_3|dFlipFlop:F10|q ; 1.000        ; 2.600      ; 2.138      ;
+-------+------------------------------+------------------------------+------------------------------+------------------------------+--------------+------------+------------+


+----------------------------------------------------------------------------------------------------------------------------------------------------------------------------+
; Setup: 'delay:comb_3|dFlipFlop:F12|q'                                                                                                                                      ;
+-------+------------------------------+------------------------------+------------------------------+------------------------------+--------------+------------+------------+
; Slack ; From Node                    ; To Node                      ; Launch Clock                 ; Latch Clock                  ; Relationship ; Clock Skew ; Data Delay ;
+-------+------------------------------+------------------------------+------------------------------+------------------------------+--------------+------------+------------+
; 1.208 ; delay:comb_3|dFlipFlop:F13|q ; delay:comb_3|dFlipFlop:F13|q ; delay:comb_3|dFlipFlop:F13|q ; delay:comb_3|dFlipFlop:F12|q ; 0.500        ; 2.803      ; 2.138      ;
; 1.708 ; delay:comb_3|dFlipFlop:F13|q ; delay:comb_3|dFlipFlop:F13|q ; delay:comb_3|dFlipFlop:F13|q ; delay:comb_3|dFlipFlop:F12|q ; 1.000        ; 2.803      ; 2.138      ;
+-------+------------------------------+------------------------------+------------------------------+------------------------------+--------------+------------+------------+


+------------------------------------------------------------------------------------------------------------------------------------+
; Setup: 'dFlipFlop:comb_4|q'                                                                                                        ;
+-------+--------------------+--------------------+--------------------+--------------------+--------------+------------+------------+
; Slack ; From Node          ; To Node            ; Launch Clock       ; Latch Clock        ; Relationship ; Clock Skew ; Data Delay ;
+-------+--------------------+--------------------+--------------------+--------------------+--------------+------------+------------+
; 1.211 ; dFlipFlop:comb_5|q ; dFlipFlop:comb_5|q ; dFlipFlop:comb_5|q ; dFlipFlop:comb_4|q ; 0.500        ; 2.910      ; 2.242      ;
; 1.711 ; dFlipFlop:comb_5|q ; dFlipFlop:comb_5|q ; dFlipFlop:comb_5|q ; dFlipFlop:comb_4|q ; 1.000        ; 2.910      ; 2.242      ;
+-------+--------------------+--------------------+--------------------+--------------------+--------------+------------+------------+


+------------------------------------------------------------------------------------------------------------------------------------------------------------------------+
; Setup: 'delay:comb_3|dFlipFlop:F5|q'                                                                                                                                   ;
+-------+-----------------------------+-----------------------------+-----------------------------+-----------------------------+--------------+------------+------------+
; Slack ; From Node                   ; To Node                     ; Launch Clock                ; Latch Clock                 ; Relationship ; Clock Skew ; Data Delay ;
+-------+-----------------------------+-----------------------------+-----------------------------+-----------------------------+--------------+------------+------------+
; 1.287 ; delay:comb_3|dFlipFlop:F6|q ; delay:comb_3|dFlipFlop:F6|q ; delay:comb_3|dFlipFlop:F6|q ; delay:comb_3|dFlipFlop:F5|q ; 0.500        ; 2.882      ; 2.138      ;
; 1.787 ; delay:comb_3|dFlipFlop:F6|q ; delay:comb_3|dFlipFlop:F6|q ; delay:comb_3|dFlipFlop:F6|q ; delay:comb_3|dFlipFlop:F5|q ; 1.000        ; 2.882      ; 2.138      ;
+-------+-----------------------------+-----------------------------+-----------------------------+-----------------------------+--------------+------------+------------+


+--------------------------------------------------------------------------------------------------------------------------------------------------------+
; Setup: 'CLK'                                                                                                                                           ;
+-------+-----------------------------+-----------------------------+-----------------------------+-------------+--------------+------------+------------+
; Slack ; From Node                   ; To Node                     ; Launch Clock                ; Latch Clock ; Relationship ; Clock Skew ; Data Delay ;
+-------+-----------------------------+-----------------------------+-----------------------------+-------------+--------------+------------+------------+
; 1.924 ; delay:comb_3|dFlipFlop:F0|q ; delay:comb_3|dFlipFlop:F0|q ; delay:comb_3|dFlipFlop:F0|q ; CLK         ; 0.500        ; 3.242      ; 1.861      ;
; 2.424 ; delay:comb_3|dFlipFlop:F0|q ; delay:comb_3|dFlipFlop:F0|q ; delay:comb_3|dFlipFlop:F0|q ; CLK         ; 1.000        ; 3.242      ; 1.861      ;
+-------+-----------------------------+-----------------------------+-----------------------------+-------------+--------------+------------+------------+


+---------------------------------------------------------------------------------------------------------------------------------------------------------+
; Hold: 'CLK'                                                                                                                                             ;
+--------+-----------------------------+-----------------------------+-----------------------------+-------------+--------------+------------+------------+
; Slack  ; From Node                   ; To Node                     ; Launch Clock                ; Latch Clock ; Relationship ; Clock Skew ; Data Delay ;
+--------+-----------------------------+-----------------------------+-----------------------------+-------------+--------------+------------+------------+
; -1.978 ; delay:comb_3|dFlipFlop:F0|q ; delay:comb_3|dFlipFlop:F0|q ; delay:comb_3|dFlipFlop:F0|q ; CLK         ; 0.000        ; 3.242      ; 1.861      ;
; -1.478 ; delay:comb_3|dFlipFlop:F0|q ; delay:comb_3|dFlipFlop:F0|q ; delay:comb_3|dFlipFlop:F0|q ; CLK         ; -0.500       ; 3.242      ; 1.861      ;
+--------+-----------------------------+-----------------------------+-----------------------------+-------------+--------------+------------+------------+


+-------------------------------------------------------------------------------------------------------------------------------------------------------------------------+
; Hold: 'delay:comb_3|dFlipFlop:F5|q'                                                                                                                                     ;
+--------+-----------------------------+-----------------------------+-----------------------------+-----------------------------+--------------+------------+------------+
; Slack  ; From Node                   ; To Node                     ; Launch Clock                ; Latch Clock                 ; Relationship ; Clock Skew ; Data Delay ;
+--------+-----------------------------+-----------------------------+-----------------------------+-----------------------------+--------------+------------+------------+
; -1.341 ; delay:comb_3|dFlipFlop:F6|q ; delay:comb_3|dFlipFlop:F6|q ; delay:comb_3|dFlipFlop:F6|q ; delay:comb_3|dFlipFlop:F5|q ; 0.000        ; 2.882      ; 2.138      ;
; -0.841 ; delay:comb_3|dFlipFlop:F6|q ; delay:comb_3|dFlipFlop:F6|q ; delay:comb_3|dFlipFlop:F6|q ; delay:comb_3|dFlipFlop:F5|q ; -0.500       ; 2.882      ; 2.138      ;
+--------+-----------------------------+-----------------------------+-----------------------------+-----------------------------+--------------+------------+------------+


+-------------------------------------------------------------------------------------------------------------------------------------+
; Hold: 'dFlipFlop:comb_4|q'                                                                                                          ;
+--------+--------------------+--------------------+--------------------+--------------------+--------------+------------+------------+
; Slack  ; From Node          ; To Node            ; Launch Clock       ; Latch Clock        ; Relationship ; Clock Skew ; Data Delay ;
+--------+--------------------+--------------------+--------------------+--------------------+--------------+------------+------------+
; -1.265 ; dFlipFlop:comb_5|q ; dFlipFlop:comb_5|q ; dFlipFlop:comb_5|q ; dFlipFlop:comb_4|q ; 0.000        ; 2.910      ; 2.242      ;
; -0.765 ; dFlipFlop:comb_5|q ; dFlipFlop:comb_5|q ; dFlipFlop:comb_5|q ; dFlipFlop:comb_4|q ; -0.500       ; 2.910      ; 2.242      ;
+--------+--------------------+--------------------+--------------------+--------------------+--------------+------------+------------+


+-----------------------------------------------------------------------------------------------------------------------------------------------------------------------------+
; Hold: 'delay:comb_3|dFlipFlop:F12|q'                                                                                                                                        ;
+--------+------------------------------+------------------------------+------------------------------+------------------------------+--------------+------------+------------+
; Slack  ; From Node                    ; To Node                      ; Launch Clock                 ; Latch Clock                  ; Relationship ; Clock Skew ; Data Delay ;
+--------+------------------------------+------------------------------+------------------------------+------------------------------+--------------+------------+------------+
; -1.262 ; delay:comb_3|dFlipFlop:F13|q ; delay:comb_3|dFlipFlop:F13|q ; delay:comb_3|dFlipFlop:F13|q ; delay:comb_3|dFlipFlop:F12|q ; 0.000        ; 2.803      ; 2.138      ;
; -0.762 ; delay:comb_3|dFlipFlop:F13|q ; delay:comb_3|dFlipFlop:F13|q ; delay:comb_3|dFlipFlop:F13|q ; delay:comb_3|dFlipFlop:F12|q ; -0.500       ; 2.803      ; 2.138      ;
+--------+------------------------------+------------------------------+------------------------------+------------------------------+--------------+------------+------------+


+-----------------------------------------------------------------------------------------------------------------------------------------------------------------------------+
; Hold: 'delay:comb_3|dFlipFlop:F10|q'                                                                                                                                        ;
+--------+------------------------------+------------------------------+------------------------------+------------------------------+--------------+------------+------------+
; Slack  ; From Node                    ; To Node                      ; Launch Clock                 ; Latch Clock                  ; Relationship ; Clock Skew ; Data Delay ;
+--------+------------------------------+------------------------------+------------------------------+------------------------------+--------------+------------+------------+
; -1.059 ; delay:comb_3|dFlipFlop:F11|q ; delay:comb_3|dFlipFlop:F11|q ; delay:comb_3|dFlipFlop:F11|q ; delay:comb_3|dFlipFlop:F10|q ; 0.000        ; 2.600      ; 2.138      ;
; -0.559 ; delay:comb_3|dFlipFlop:F11|q ; delay:comb_3|dFlipFlop:F11|q ; delay:comb_3|dFlipFlop:F11|q ; delay:comb_3|dFlipFlop:F10|q ; -0.500       ; 2.600      ; 2.138      ;
+--------+------------------------------+------------------------------+------------------------------+------------------------------+--------------+------------+------------+


+-------------------------------------------------------------------------------------------------------------------------------------------------------------------------+
; Hold: 'delay:comb_3|dFlipFlop:F7|q'                                                                                                                                     ;
+--------+-----------------------------+-----------------------------+-----------------------------+-----------------------------+--------------+------------+------------+
; Slack  ; From Node                   ; To Node                     ; Launch Clock                ; Latch Clock                 ; Relationship ; Clock Skew ; Data Delay ;
+--------+-----------------------------+-----------------------------+-----------------------------+-----------------------------+--------------+------------+------------+
; -0.896 ; delay:comb_3|dFlipFlop:F8|q ; delay:comb_3|dFlipFlop:F8|q ; delay:comb_3|dFlipFlop:F8|q ; delay:comb_3|dFlipFlop:F7|q ; 0.000        ; 2.160      ; 1.861      ;
; -0.396 ; delay:comb_3|dFlipFlop:F8|q ; delay:comb_3|dFlipFlop:F8|q ; delay:comb_3|dFlipFlop:F8|q ; delay:comb_3|dFlipFlop:F7|q ; -0.500       ; 2.160      ; 1.861      ;
+--------+-----------------------------+-----------------------------+-----------------------------+-----------------------------+--------------+------------+------------+


+-------------------------------------------------------------------------------------------------------------------------------------------------------------------------+
; Hold: 'delay:comb_3|dFlipFlop:F8|q'                                                                                                                                     ;
+--------+-----------------------------+-----------------------------+-----------------------------+-----------------------------+--------------+------------+------------+
; Slack  ; From Node                   ; To Node                     ; Launch Clock                ; Latch Clock                 ; Relationship ; Clock Skew ; Data Delay ;
+--------+-----------------------------+-----------------------------+-----------------------------+-----------------------------+--------------+------------+------------+
; -0.896 ; delay:comb_3|dFlipFlop:F9|q ; delay:comb_3|dFlipFlop:F9|q ; delay:comb_3|dFlipFlop:F9|q ; delay:comb_3|dFlipFlop:F8|q ; 0.000        ; 2.160      ; 1.861      ;
; -0.396 ; delay:comb_3|dFlipFlop:F9|q ; delay:comb_3|dFlipFlop:F9|q ; delay:comb_3|dFlipFlop:F9|q ; delay:comb_3|dFlipFlop:F8|q ; -0.500       ; 2.160      ; 1.861      ;
+--------+-----------------------------+-----------------------------+-----------------------------+-----------------------------+--------------+------------+------------+


+-------------------------------------------------------------------------------------------------------------------------------------------------------------------------+
; Hold: 'delay:comb_3|dFlipFlop:F0|q'                                                                                                                                     ;
+--------+-----------------------------+-----------------------------+-----------------------------+-----------------------------+--------------+------------+------------+
; Slack  ; From Node                   ; To Node                     ; Launch Clock                ; Latch Clock                 ; Relationship ; Clock Skew ; Data Delay ;
+--------+-----------------------------+-----------------------------+-----------------------------+-----------------------------+--------------+------------+------------+
; -0.887 ; delay:comb_3|dFlipFlop:F1|q ; delay:comb_3|dFlipFlop:F1|q ; delay:comb_3|dFlipFlop:F1|q ; delay:comb_3|dFlipFlop:F0|q ; 0.000        ; 2.169      ; 1.879      ;
; -0.387 ; delay:comb_3|dFlipFlop:F1|q ; delay:comb_3|dFlipFlop:F1|q ; delay:comb_3|dFlipFlop:F1|q ; delay:comb_3|dFlipFlop:F0|q ; -0.500       ; 2.169      ; 1.879      ;
+--------+-----------------------------+-----------------------------+-----------------------------+-----------------------------+--------------+------------+------------+


+----------------------------------------------------------------------------------------------------------------------------------------------------------------------------+
; Hold: 'delay:comb_3|dFlipFlop:F9|q'                                                                                                                                        ;
+--------+------------------------------+------------------------------+------------------------------+-----------------------------+--------------+------------+------------+
; Slack  ; From Node                    ; To Node                      ; Launch Clock                 ; Latch Clock                 ; Relationship ; Clock Skew ; Data Delay ;
+--------+------------------------------+------------------------------+------------------------------+-----------------------------+--------------+------------+------------+
; -0.881 ; delay:comb_3|dFlipFlop:F10|q ; delay:comb_3|dFlipFlop:F10|q ; delay:comb_3|dFlipFlop:F10|q ; delay:comb_3|dFlipFlop:F9|q ; 0.000        ; 2.144      ; 1.860      ;
; -0.381 ; delay:comb_3|dFlipFlop:F10|q ; delay:comb_3|dFlipFlop:F10|q ; delay:comb_3|dFlipFlop:F10|q ; delay:comb_3|dFlipFlop:F9|q ; -0.500       ; 2.144      ; 1.860      ;
+--------+------------------------------+------------------------------+------------------------------+-----------------------------+--------------+------------+------------+


+-----------------------------------------------------------------------------------------------------------------------------------------------------------------------------+
; Hold: 'delay:comb_3|dFlipFlop:F14|q'                                                                                                                                        ;
+--------+------------------------------+------------------------------+------------------------------+------------------------------+--------------+------------+------------+
; Slack  ; From Node                    ; To Node                      ; Launch Clock                 ; Latch Clock                  ; Relationship ; Clock Skew ; Data Delay ;
+--------+------------------------------+------------------------------+------------------------------+------------------------------+--------------+------------+------------+
; -0.879 ; delay:comb_3|dFlipFlop:F15|q ; delay:comb_3|dFlipFlop:F15|q ; delay:comb_3|dFlipFlop:F15|q ; delay:comb_3|dFlipFlop:F14|q ; 0.000        ; 2.160      ; 1.878      ;
; -0.379 ; delay:comb_3|dFlipFlop:F15|q ; delay:comb_3|dFlipFlop:F15|q ; delay:comb_3|dFlipFlop:F15|q ; delay:comb_3|dFlipFlop:F14|q ; -0.500       ; 2.160      ; 1.878      ;
+--------+------------------------------+------------------------------+------------------------------+------------------------------+--------------+------------+------------+


+-------------------------------------------------------------------------------------------------------------------------------------------------------------------------+
; Hold: 'delay:comb_3|dFlipFlop:F4|q'                                                                                                                                     ;
+--------+-----------------------------+-----------------------------+-----------------------------+-----------------------------+--------------+------------+------------+
; Slack  ; From Node                   ; To Node                     ; Launch Clock                ; Latch Clock                 ; Relationship ; Clock Skew ; Data Delay ;
+--------+-----------------------------+-----------------------------+-----------------------------+-----------------------------+--------------+------------+------------+
; -0.879 ; delay:comb_3|dFlipFlop:F5|q ; delay:comb_3|dFlipFlop:F5|q ; delay:comb_3|dFlipFlop:F5|q ; delay:comb_3|dFlipFlop:F4|q ; 0.000        ; 2.143      ; 1.861      ;
; -0.379 ; delay:comb_3|dFlipFlop:F5|q ; delay:comb_3|dFlipFlop:F5|q ; delay:comb_3|dFlipFlop:F5|q ; delay:comb_3|dFlipFlop:F4|q ; -0.500       ; 2.143      ; 1.861      ;
+--------+-----------------------------+-----------------------------+-----------------------------+-----------------------------+--------------+------------+------------+


+-------------------------------------------------------------------------------------------------------------------------------------------------------------------------+
; Hold: 'delay:comb_3|dFlipFlop:F2|q'                                                                                                                                     ;
+--------+-----------------------------+-----------------------------+-----------------------------+-----------------------------+--------------+------------+------------+
; Slack  ; From Node                   ; To Node                     ; Launch Clock                ; Latch Clock                 ; Relationship ; Clock Skew ; Data Delay ;
+--------+-----------------------------+-----------------------------+-----------------------------+-----------------------------+--------------+------------+------------+
; -0.862 ; delay:comb_3|dFlipFlop:F3|q ; delay:comb_3|dFlipFlop:F3|q ; delay:comb_3|dFlipFlop:F3|q ; delay:comb_3|dFlipFlop:F2|q ; 0.000        ; 2.144      ; 1.879      ;
; -0.362 ; delay:comb_3|dFlipFlop:F3|q ; delay:comb_3|dFlipFlop:F3|q ; delay:comb_3|dFlipFlop:F3|q ; delay:comb_3|dFlipFlop:F2|q ; -0.500       ; 2.144      ; 1.879      ;
+--------+-----------------------------+-----------------------------+-----------------------------+-----------------------------+--------------+------------+------------+


+-----------------------------------------------------------------------------------------------------------------------------------------------+
; Hold: 'delay:comb_3|dFlipFlop:F15|q'                                                                                                          ;
+--------+--------------------+--------------------+--------------------+------------------------------+--------------+------------+------------+
; Slack  ; From Node          ; To Node            ; Launch Clock       ; Latch Clock                  ; Relationship ; Clock Skew ; Data Delay ;
+--------+--------------------+--------------------+--------------------+------------------------------+--------------+------------+------------+
; -0.522 ; dFlipFlop:comb_4|q ; dFlipFlop:comb_4|q ; dFlipFlop:comb_4|q ; delay:comb_3|dFlipFlop:F15|q ; 0.000        ; 1.785      ; 1.860      ;
; -0.022 ; dFlipFlop:comb_4|q ; dFlipFlop:comb_4|q ; dFlipFlop:comb_4|q ; delay:comb_3|dFlipFlop:F15|q ; -0.500       ; 1.785      ; 1.860      ;
+--------+--------------------+--------------------+--------------------+------------------------------+--------------+------------+------------+


+-------------------------------------------------------------------------------------------------------------------------------------------------------------------------+
; Hold: 'delay:comb_3|dFlipFlop:F1|q'                                                                                                                                     ;
+--------+-----------------------------+-----------------------------+-----------------------------+-----------------------------+--------------+------------+------------+
; Slack  ; From Node                   ; To Node                     ; Launch Clock                ; Latch Clock                 ; Relationship ; Clock Skew ; Data Delay ;
+--------+-----------------------------+-----------------------------+-----------------------------+-----------------------------+--------------+------------+------------+
; -0.521 ; delay:comb_3|dFlipFlop:F2|q ; delay:comb_3|dFlipFlop:F2|q ; delay:comb_3|dFlipFlop:F2|q ; delay:comb_3|dFlipFlop:F1|q ; 0.000        ; 1.784      ; 1.860      ;
; -0.021 ; delay:comb_3|dFlipFlop:F2|q ; delay:comb_3|dFlipFlop:F2|q ; delay:comb_3|dFlipFlop:F2|q ; delay:comb_3|dFlipFlop:F1|q ; -0.500       ; 1.784      ; 1.860      ;
+--------+-----------------------------+-----------------------------+-----------------------------+-----------------------------+--------------+------------+------------+


+-------------------------------------------------------------------------------------------------------------------------------------------------------------------------+
; Hold: 'delay:comb_3|dFlipFlop:F3|q'                                                                                                                                     ;
+--------+-----------------------------+-----------------------------+-----------------------------+-----------------------------+--------------+------------+------------+
; Slack  ; From Node                   ; To Node                     ; Launch Clock                ; Latch Clock                 ; Relationship ; Clock Skew ; Data Delay ;
+--------+-----------------------------+-----------------------------+-----------------------------+-----------------------------+--------------+------------+------------+
; -0.521 ; delay:comb_3|dFlipFlop:F4|q ; delay:comb_3|dFlipFlop:F4|q ; delay:comb_3|dFlipFlop:F4|q ; delay:comb_3|dFlipFlop:F3|q ; 0.000        ; 1.784      ; 1.860      ;
; -0.021 ; delay:comb_3|dFlipFlop:F4|q ; delay:comb_3|dFlipFlop:F4|q ; delay:comb_3|dFlipFlop:F4|q ; delay:comb_3|dFlipFlop:F3|q ; -0.500       ; 1.784      ; 1.860      ;
+--------+-----------------------------+-----------------------------+-----------------------------+-----------------------------+--------------+------------+------------+


+-----------------------------------------------------------------------------------------------------------------------------------------------------------------------------+
; Hold: 'delay:comb_3|dFlipFlop:F11|q'                                                                                                                                        ;
+--------+------------------------------+------------------------------+------------------------------+------------------------------+--------------+------------+------------+
; Slack  ; From Node                    ; To Node                      ; Launch Clock                 ; Latch Clock                  ; Relationship ; Clock Skew ; Data Delay ;
+--------+------------------------------+------------------------------+------------------------------+------------------------------+--------------+------------+------------+
; -0.520 ; delay:comb_3|dFlipFlop:F12|q ; delay:comb_3|dFlipFlop:F12|q ; delay:comb_3|dFlipFlop:F12|q ; delay:comb_3|dFlipFlop:F11|q ; 0.000        ; 1.784      ; 1.861      ;
; -0.020 ; delay:comb_3|dFlipFlop:F12|q ; delay:comb_3|dFlipFlop:F12|q ; delay:comb_3|dFlipFlop:F12|q ; delay:comb_3|dFlipFlop:F11|q ; -0.500       ; 1.784      ; 1.861      ;
+--------+------------------------------+------------------------------+------------------------------+------------------------------+--------------+------------+------------+


+-----------------------------------------------------------------------------------------------------------------------------------------------------------------------------+
; Hold: 'delay:comb_3|dFlipFlop:F13|q'                                                                                                                                        ;
+--------+------------------------------+------------------------------+------------------------------+------------------------------+--------------+------------+------------+
; Slack  ; From Node                    ; To Node                      ; Launch Clock                 ; Latch Clock                  ; Relationship ; Clock Skew ; Data Delay ;
+--------+------------------------------+------------------------------+------------------------------+------------------------------+--------------+------------+------------+
; -0.520 ; delay:comb_3|dFlipFlop:F14|q ; delay:comb_3|dFlipFlop:F14|q ; delay:comb_3|dFlipFlop:F14|q ; delay:comb_3|dFlipFlop:F13|q ; 0.000        ; 1.784      ; 1.861      ;
; -0.020 ; delay:comb_3|dFlipFlop:F14|q ; delay:comb_3|dFlipFlop:F14|q ; delay:comb_3|dFlipFlop:F14|q ; delay:comb_3|dFlipFlop:F13|q ; -0.500       ; 1.784      ; 1.861      ;
+--------+------------------------------+------------------------------+------------------------------+------------------------------+--------------+------------+------------+


+-------------------------------------------------------------------------------------------------------------------------------------------------------------------------+
; Hold: 'delay:comb_3|dFlipFlop:F6|q'                                                                                                                                     ;
+--------+-----------------------------+-----------------------------+-----------------------------+-----------------------------+--------------+------------+------------+
; Slack  ; From Node                   ; To Node                     ; Launch Clock                ; Latch Clock                 ; Relationship ; Clock Skew ; Data Delay ;
+--------+-----------------------------+-----------------------------+-----------------------------+-----------------------------+--------------+------------+------------+
; -0.520 ; delay:comb_3|dFlipFlop:F7|q ; delay:comb_3|dFlipFlop:F7|q ; delay:comb_3|dFlipFlop:F7|q ; delay:comb_3|dFlipFlop:F6|q ; 0.000        ; 1.784      ; 1.861      ;
; -0.020 ; delay:comb_3|dFlipFlop:F7|q ; delay:comb_3|dFlipFlop:F7|q ; delay:comb_3|dFlipFlop:F7|q ; delay:comb_3|dFlipFlop:F6|q ; -0.500       ; 1.784      ; 1.861      ;
+--------+-----------------------------+-----------------------------+-----------------------------+-----------------------------+--------------+------------+------------+


+------------------------------------------------------------------------------------------------------------------------------------+
; Hold: 'dFlipFlop:comb_5|q'                                                                                                         ;
+-------+--------------------+--------------------+--------------------+--------------------+--------------+------------+------------+
; Slack ; From Node          ; To Node            ; Launch Clock       ; Latch Clock        ; Relationship ; Clock Skew ; Data Delay ;
+-------+--------------------+--------------------+--------------------+--------------------+--------------+------------+------------+
; 1.640 ; dFlipFlop:comb_6|q ; dFlipFlop:comb_6|q ; dFlipFlop:comb_5|q ; dFlipFlop:comb_5|q ; 0.000        ; 0.000      ; 1.861      ;
+-------+--------------------+--------------------+--------------------+--------------------+--------------+------------+------------+


+---------------------------------------------------------------------------------------------------------+
; Setup Transfers                                                                                         ;
+------------------------------+------------------------------+----------+----------+----------+----------+
; From Clock                   ; To Clock                     ; RR Paths ; FR Paths ; RF Paths ; FF Paths ;
+------------------------------+------------------------------+----------+----------+----------+----------+
; delay:comb_3|dFlipFlop:F0|q  ; CLK                          ; 1        ; 1        ; 0        ; 0        ;
; delay:comb_3|dFlipFlop:F1|q  ; delay:comb_3|dFlipFlop:F0|q  ; 0        ; 0        ; 1        ; 1        ;
; delay:comb_3|dFlipFlop:F2|q  ; delay:comb_3|dFlipFlop:F1|q  ; 0        ; 0        ; 1        ; 1        ;
; delay:comb_3|dFlipFlop:F3|q  ; delay:comb_3|dFlipFlop:F2|q  ; 0        ; 0        ; 1        ; 1        ;
; delay:comb_3|dFlipFlop:F4|q  ; delay:comb_3|dFlipFlop:F3|q  ; 0        ; 0        ; 1        ; 1        ;
; delay:comb_3|dFlipFlop:F5|q  ; delay:comb_3|dFlipFlop:F4|q  ; 0        ; 0        ; 1        ; 1        ;
; delay:comb_3|dFlipFlop:F6|q  ; delay:comb_3|dFlipFlop:F5|q  ; 0        ; 0        ; 1        ; 1        ;
; delay:comb_3|dFlipFlop:F7|q  ; delay:comb_3|dFlipFlop:F6|q  ; 0        ; 0        ; 1        ; 1        ;
; delay:comb_3|dFlipFlop:F8|q  ; delay:comb_3|dFlipFlop:F7|q  ; 0        ; 0        ; 1        ; 1        ;
; delay:comb_3|dFlipFlop:F9|q  ; delay:comb_3|dFlipFlop:F8|q  ; 0        ; 0        ; 1        ; 1        ;
; delay:comb_3|dFlipFlop:F10|q ; delay:comb_3|dFlipFlop:F9|q  ; 0        ; 0        ; 1        ; 1        ;
; delay:comb_3|dFlipFlop:F11|q ; delay:comb_3|dFlipFlop:F10|q ; 0        ; 0        ; 1        ; 1        ;
; delay:comb_3|dFlipFlop:F12|q ; delay:comb_3|dFlipFlop:F11|q ; 0        ; 0        ; 1        ; 1        ;
; delay:comb_3|dFlipFlop:F13|q ; delay:comb_3|dFlipFlop:F12|q ; 0        ; 0        ; 1        ; 1        ;
; delay:comb_3|dFlipFlop:F14|q ; delay:comb_3|dFlipFlop:F13|q ; 0        ; 0        ; 1        ; 1        ;
; delay:comb_3|dFlipFlop:F15|q ; delay:comb_3|dFlipFlop:F14|q ; 0        ; 0        ; 1        ; 1        ;
; dFlipFlop:comb_4|q           ; delay:comb_3|dFlipFlop:F15|q ; 0        ; 0        ; 1        ; 1        ;
; dFlipFlop:comb_5|q           ; dFlipFlop:comb_4|q           ; 0        ; 0        ; 1        ; 1        ;
; dFlipFlop:comb_5|q           ; dFlipFlop:comb_5|q           ; 0        ; 0        ; 0        ; 1        ;
+------------------------------+------------------------------+----------+----------+----------+----------+
Entries labeled "false path" only account for clock-to-clock false paths and not path-based false paths. As a result, actual path counts may be lower than reported.


+---------------------------------------------------------------------------------------------------------+
; Hold Transfers                                                                                          ;
+------------------------------+------------------------------+----------+----------+----------+----------+
; From Clock                   ; To Clock                     ; RR Paths ; FR Paths ; RF Paths ; FF Paths ;
+------------------------------+------------------------------+----------+----------+----------+----------+
; delay:comb_3|dFlipFlop:F0|q  ; CLK                          ; 1        ; 1        ; 0        ; 0        ;
; delay:comb_3|dFlipFlop:F1|q  ; delay:comb_3|dFlipFlop:F0|q  ; 0        ; 0        ; 1        ; 1        ;
; delay:comb_3|dFlipFlop:F2|q  ; delay:comb_3|dFlipFlop:F1|q  ; 0        ; 0        ; 1        ; 1        ;
; delay:comb_3|dFlipFlop:F3|q  ; delay:comb_3|dFlipFlop:F2|q  ; 0        ; 0        ; 1        ; 1        ;
; delay:comb_3|dFlipFlop:F4|q  ; delay:comb_3|dFlipFlop:F3|q  ; 0        ; 0        ; 1        ; 1        ;
; delay:comb_3|dFlipFlop:F5|q  ; delay:comb_3|dFlipFlop:F4|q  ; 0        ; 0        ; 1        ; 1        ;
; delay:comb_3|dFlipFlop:F6|q  ; delay:comb_3|dFlipFlop:F5|q  ; 0        ; 0        ; 1        ; 1        ;
; delay:comb_3|dFlipFlop:F7|q  ; delay:comb_3|dFlipFlop:F6|q  ; 0        ; 0        ; 1        ; 1        ;
; delay:comb_3|dFlipFlop:F8|q  ; delay:comb_3|dFlipFlop:F7|q  ; 0        ; 0        ; 1        ; 1        ;
; delay:comb_3|dFlipFlop:F9|q  ; delay:comb_3|dFlipFlop:F8|q  ; 0        ; 0        ; 1        ; 1        ;
; delay:comb_3|dFlipFlop:F10|q ; delay:comb_3|dFlipFlop:F9|q  ; 0        ; 0        ; 1        ; 1        ;
; delay:comb_3|dFlipFlop:F11|q ; delay:comb_3|dFlipFlop:F10|q ; 0        ; 0        ; 1        ; 1        ;
; delay:comb_3|dFlipFlop:F12|q ; delay:comb_3|dFlipFlop:F11|q ; 0        ; 0        ; 1        ; 1        ;
; delay:comb_3|dFlipFlop:F13|q ; delay:comb_3|dFlipFlop:F12|q ; 0        ; 0        ; 1        ; 1        ;
; delay:comb_3|dFlipFlop:F14|q ; delay:comb_3|dFlipFlop:F13|q ; 0        ; 0        ; 1        ; 1        ;
; delay:comb_3|dFlipFlop:F15|q ; delay:comb_3|dFlipFlop:F14|q ; 0        ; 0        ; 1        ; 1        ;
; dFlipFlop:comb_4|q           ; delay:comb_3|dFlipFlop:F15|q ; 0        ; 0        ; 1        ; 1        ;
; dFlipFlop:comb_5|q           ; dFlipFlop:comb_4|q           ; 0        ; 0        ; 1        ; 1        ;
; dFlipFlop:comb_5|q           ; dFlipFlop:comb_5|q           ; 0        ; 0        ; 0        ; 1        ;
+------------------------------+------------------------------+----------+----------+----------+----------+
Entries labeled "false path" only account for clock-to-clock false paths and not path-based false paths. As a result, actual path counts may be lower than reported.


---------------
; Report TCCS ;
---------------
No dedicated SERDES Transmitter circuitry present in device or used in design


---------------
; Report RSKM ;
---------------
No non-DPA dedicated SERDES Receiver circuitry present in device or used in design


+------------------------------------------------+
; Unconstrained Paths Summary                    ;
+---------------------------------+-------+------+
; Property                        ; Setup ; Hold ;
+---------------------------------+-------+------+
; Illegal Clocks                  ; 0     ; 0    ;
; Unconstrained Clocks            ; 0     ; 0    ;
; Unconstrained Input Ports       ; 0     ; 0    ;
; Unconstrained Input Port Paths  ; 0     ; 0    ;
; Unconstrained Output Ports      ; 10    ; 10   ;
; Unconstrained Output Port Paths ; 30    ; 30   ;
+---------------------------------+-------+------+


+----------------------------------------------------------------------------------+
; Clock Status Summary                                                             ;
+------------------------------+------------------------------+------+-------------+
; Target                       ; Clock                        ; Type ; Status      ;
+------------------------------+------------------------------+------+-------------+
; CLK                          ; CLK                          ; Base ; Constrained ;
; dFlipFlop:comb_4|q           ; dFlipFlop:comb_4|q           ; Base ; Constrained ;
; dFlipFlop:comb_5|q           ; dFlipFlop:comb_5|q           ; Base ; Constrained ;
; delay:comb_3|dFlipFlop:F0|q  ; delay:comb_3|dFlipFlop:F0|q  ; Base ; Constrained ;
; delay:comb_3|dFlipFlop:F1|q  ; delay:comb_3|dFlipFlop:F1|q  ; Base ; Constrained ;
; delay:comb_3|dFlipFlop:F2|q  ; delay:comb_3|dFlipFlop:F2|q  ; Base ; Constrained ;
; delay:comb_3|dFlipFlop:F3|q  ; delay:comb_3|dFlipFlop:F3|q  ; Base ; Constrained ;
; delay:comb_3|dFlipFlop:F4|q  ; delay:comb_3|dFlipFlop:F4|q  ; Base ; Constrained ;
; delay:comb_3|dFlipFlop:F5|q  ; delay:comb_3|dFlipFlop:F5|q  ; Base ; Constrained ;
; delay:comb_3|dFlipFlop:F6|q  ; delay:comb_3|dFlipFlop:F6|q  ; Base ; Constrained ;
; delay:comb_3|dFlipFlop:F7|q  ; delay:comb_3|dFlipFlop:F7|q  ; Base ; Constrained ;
; delay:comb_3|dFlipFlop:F8|q  ; delay:comb_3|dFlipFlop:F8|q  ; Base ; Constrained ;
; delay:comb_3|dFlipFlop:F9|q  ; delay:comb_3|dFlipFlop:F9|q  ; Base ; Constrained ;
; delay:comb_3|dFlipFlop:F10|q ; delay:comb_3|dFlipFlop:F10|q ; Base ; Constrained ;
; delay:comb_3|dFlipFlop:F11|q ; delay:comb_3|dFlipFlop:F11|q ; Base ; Constrained ;
; delay:comb_3|dFlipFlop:F12|q ; delay:comb_3|dFlipFlop:F12|q ; Base ; Constrained ;
; delay:comb_3|dFlipFlop:F13|q ; delay:comb_3|dFlipFlop:F13|q ; Base ; Constrained ;
; delay:comb_3|dFlipFlop:F14|q ; delay:comb_3|dFlipFlop:F14|q ; Base ; Constrained ;
; delay:comb_3|dFlipFlop:F15|q ; delay:comb_3|dFlipFlop:F15|q ; Base ; Constrained ;
+------------------------------+------------------------------+------+-------------+


+-----------------------------------------------------------------------------------------------------+
; Unconstrained Output Ports                                                                          ;
+-------------+---------------------------------------------------------------------------------------+
; Output Port ; Comment                                                                               ;
+-------------+---------------------------------------------------------------------------------------+
; C1          ; No output delay, min/max delays, false-path exceptions, or max skew assignments found ;
; C2          ; No output delay, min/max delays, false-path exceptions, or max skew assignments found ;
; C3          ; No output delay, min/max delays, false-path exceptions, or max skew assignments found ;
; C4          ; No output delay, min/max delays, false-path exceptions, or max skew assignments found ;
; C5          ; No output delay, min/max delays, false-path exceptions, or max skew assignments found ;
; L2          ; No output delay, min/max delays, false-path exceptions, or max skew assignments found ;
; L3          ; No output delay, min/max delays, false-path exceptions, or max skew assignments found ;
; L4          ; No output delay, min/max delays, false-path exceptions, or max skew assignments found ;
; L5          ; No output delay, min/max delays, false-path exceptions, or max skew assignments found ;
; L6          ; No output delay, min/max delays, false-path exceptions, or max skew assignments found ;
+-------------+---------------------------------------------------------------------------------------+


+-----------------------------------------------------------------------------------------------------+
; Unconstrained Output Ports                                                                          ;
+-------------+---------------------------------------------------------------------------------------+
; Output Port ; Comment                                                                               ;
+-------------+---------------------------------------------------------------------------------------+
; C1          ; No output delay, min/max delays, false-path exceptions, or max skew assignments found ;
; C2          ; No output delay, min/max delays, false-path exceptions, or max skew assignments found ;
; C3          ; No output delay, min/max delays, false-path exceptions, or max skew assignments found ;
; C4          ; No output delay, min/max delays, false-path exceptions, or max skew assignments found ;
; C5          ; No output delay, min/max delays, false-path exceptions, or max skew assignments found ;
; L2          ; No output delay, min/max delays, false-path exceptions, or max skew assignments found ;
; L3          ; No output delay, min/max delays, false-path exceptions, or max skew assignments found ;
; L4          ; No output delay, min/max delays, false-path exceptions, or max skew assignments found ;
; L5          ; No output delay, min/max delays, false-path exceptions, or max skew assignments found ;
; L6          ; No output delay, min/max delays, false-path exceptions, or max skew assignments found ;
+-------------+---------------------------------------------------------------------------------------+


+--------------------------+
; Timing Analyzer Messages ;
+--------------------------+
Info: *******************************************************************
Info: Running Quartus Prime Timing Analyzer
    Info: Version 20.1.1 Build 720 11/11/2020 SJ Lite Edition
    Info: Processing started: Wed May 15 17:17:37 2024
Info: Command: quartus_sta main -c main
Info: qsta_default_script.tcl version: #1
Warning (18236): Number of processors has not been specified which may cause overloading on shared machines.  Set the global assignment NUM_PARALLEL_PROCESSORS in your QSF to an appropriate value for best performance.
Info (20030): Parallel compilation is enabled and will use 6 of the 6 processors detected
Info (21077): Low junction temperature is 0 degrees C
Info (21077): High junction temperature is 85 degrees C
Info (334003): Started post-fitting delay annotation
Info (334004): Delay annotation completed successfully
Critical Warning (332012): Synopsys Design Constraints File file not found: 'main.sdc'. A Synopsys Design Constraints File is required by the Timing Analyzer to get proper timing constraints. Without it, the Compiler will not properly optimize the design.
Info (332142): No user constrained base clocks found in the design. Calling "derive_clocks -period 1.0"
Info (332105): Deriving Clocks
    Info (332105): create_clock -period 1.000 -name dFlipFlop:comb_5|q dFlipFlop:comb_5|q
    Info (332105): create_clock -period 1.000 -name dFlipFlop:comb_4|q dFlipFlop:comb_4|q
    Info (332105): create_clock -period 1.000 -name delay:comb_3|dFlipFlop:F15|q delay:comb_3|dFlipFlop:F15|q
    Info (332105): create_clock -period 1.000 -name delay:comb_3|dFlipFlop:F14|q delay:comb_3|dFlipFlop:F14|q
    Info (332105): create_clock -period 1.000 -name delay:comb_3|dFlipFlop:F13|q delay:comb_3|dFlipFlop:F13|q
    Info (332105): create_clock -period 1.000 -name delay:comb_3|dFlipFlop:F12|q delay:comb_3|dFlipFlop:F12|q
    Info (332105): create_clock -period 1.000 -name delay:comb_3|dFlipFlop:F11|q delay:comb_3|dFlipFlop:F11|q
    Info (332105): create_clock -period 1.000 -name delay:comb_3|dFlipFlop:F10|q delay:comb_3|dFlipFlop:F10|q
    Info (332105): create_clock -period 1.000 -name delay:comb_3|dFlipFlop:F9|q delay:comb_3|dFlipFlop:F9|q
    Info (332105): create_clock -period 1.000 -name delay:comb_3|dFlipFlop:F8|q delay:comb_3|dFlipFlop:F8|q
    Info (332105): create_clock -period 1.000 -name delay:comb_3|dFlipFlop:F7|q delay:comb_3|dFlipFlop:F7|q
    Info (332105): create_clock -period 1.000 -name delay:comb_3|dFlipFlop:F6|q delay:comb_3|dFlipFlop:F6|q
    Info (332105): create_clock -period 1.000 -name delay:comb_3|dFlipFlop:F5|q delay:comb_3|dFlipFlop:F5|q
    Info (332105): create_clock -period 1.000 -name delay:comb_3|dFlipFlop:F4|q delay:comb_3|dFlipFlop:F4|q
    Info (332105): create_clock -period 1.000 -name delay:comb_3|dFlipFlop:F3|q delay:comb_3|dFlipFlop:F3|q
    Info (332105): create_clock -period 1.000 -name delay:comb_3|dFlipFlop:F2|q delay:comb_3|dFlipFlop:F2|q
    Info (332105): create_clock -period 1.000 -name delay:comb_3|dFlipFlop:F1|q delay:comb_3|dFlipFlop:F1|q
    Info (332105): create_clock -period 1.000 -name delay:comb_3|dFlipFlop:F0|q delay:comb_3|dFlipFlop:F0|q
    Info (332105): create_clock -period 1.000 -name CLK CLK
Info: Found TIMING_ANALYZER_REPORT_SCRIPT_INCLUDE_DEFAULT_ANALYSIS = ON
Info: Can't run Report Timing Closure Recommendations. The current device family is not supported.
Critical Warning (332148): Timing requirements not met
Info (332146): Worst-case setup slack is -1.194
    Info (332119):     Slack       End Point TNS Clock 
    Info (332119): ========= =================== =====================
    Info (332119):    -1.194              -1.194 dFlipFlop:comb_5|q 
    Info (332119):     0.466               0.000 delay:comb_3|dFlipFlop:F11|q 
    Info (332119):     0.466               0.000 delay:comb_3|dFlipFlop:F13|q 
    Info (332119):     0.466               0.000 delay:comb_3|dFlipFlop:F6|q 
    Info (332119):     0.467               0.000 delay:comb_3|dFlipFlop:F1|q 
    Info (332119):     0.467               0.000 delay:comb_3|dFlipFlop:F3|q 
    Info (332119):     0.468               0.000 delay:comb_3|dFlipFlop:F15|q 
    Info (332119):     0.808               0.000 delay:comb_3|dFlipFlop:F2|q 
    Info (332119):     0.825               0.000 delay:comb_3|dFlipFlop:F14|q 
    Info (332119):     0.825               0.000 delay:comb_3|dFlipFlop:F4|q 
    Info (332119):     0.827               0.000 delay:comb_3|dFlipFlop:F9|q 
    Info (332119):     0.833               0.000 delay:comb_3|dFlipFlop:F0|q 
    Info (332119):     0.842               0.000 delay:comb_3|dFlipFlop:F7|q 
    Info (332119):     0.842               0.000 delay:comb_3|dFlipFlop:F8|q 
    Info (332119):     1.005               0.000 delay:comb_3|dFlipFlop:F10|q 
    Info (332119):     1.208               0.000 delay:comb_3|dFlipFlop:F12|q 
    Info (332119):     1.211               0.000 dFlipFlop:comb_4|q 
    Info (332119):     1.287               0.000 delay:comb_3|dFlipFlop:F5|q 
    Info (332119):     1.924               0.000 CLK 
Info (332146): Worst-case hold slack is -1.978
    Info (332119):     Slack       End Point TNS Clock 
    Info (332119): ========= =================== =====================
    Info (332119):    -1.978              -1.978 CLK 
    Info (332119):    -1.341              -1.341 delay:comb_3|dFlipFlop:F5|q 
    Info (332119):    -1.265              -1.265 dFlipFlop:comb_4|q 
    Info (332119):    -1.262              -1.262 delay:comb_3|dFlipFlop:F12|q 
    Info (332119):    -1.059              -1.059 delay:comb_3|dFlipFlop:F10|q 
    Info (332119):    -0.896              -0.896 delay:comb_3|dFlipFlop:F7|q 
    Info (332119):    -0.896              -0.896 delay:comb_3|dFlipFlop:F8|q 
    Info (332119):    -0.887              -0.887 delay:comb_3|dFlipFlop:F0|q 
    Info (332119):    -0.881              -0.881 delay:comb_3|dFlipFlop:F9|q 
    Info (332119):    -0.879              -0.879 delay:comb_3|dFlipFlop:F14|q 
    Info (332119):    -0.879              -0.879 delay:comb_3|dFlipFlop:F4|q 
    Info (332119):    -0.862              -0.862 delay:comb_3|dFlipFlop:F2|q 
    Info (332119):    -0.522              -0.522 delay:comb_3|dFlipFlop:F15|q 
    Info (332119):    -0.521              -0.521 delay:comb_3|dFlipFlop:F1|q 
    Info (332119):    -0.521              -0.521 delay:comb_3|dFlipFlop:F3|q 
    Info (332119):    -0.520              -0.520 delay:comb_3|dFlipFlop:F11|q 
    Info (332119):    -0.520              -0.520 delay:comb_3|dFlipFlop:F13|q 
    Info (332119):    -0.520              -0.520 delay:comb_3|dFlipFlop:F6|q 
    Info (332119):     1.640               0.000 dFlipFlop:comb_5|q 
Info (332140): No Recovery paths to report
Info (332140): No Removal paths to report
Info (332146): Worst-case minimum pulse width slack is -2.289
    Info (332119):     Slack       End Point TNS Clock 
    Info (332119): ========= =================== =====================
    Info (332119):    -2.289              -2.289 CLK 
    Info (332119):     0.234               0.000 dFlipFlop:comb_4|q 
    Info (332119):     0.234               0.000 dFlipFlop:comb_5|q 
    Info (332119):     0.234               0.000 delay:comb_3|dFlipFlop:F0|q 
    Info (332119):     0.234               0.000 delay:comb_3|dFlipFlop:F10|q 
    Info (332119):     0.234               0.000 delay:comb_3|dFlipFlop:F11|q 
    Info (332119):     0.234               0.000 delay:comb_3|dFlipFlop:F12|q 
    Info (332119):     0.234               0.000 delay:comb_3|dFlipFlop:F13|q 
    Info (332119):     0.234               0.000 delay:comb_3|dFlipFlop:F14|q 
    Info (332119):     0.234               0.000 delay:comb_3|dFlipFlop:F15|q 
    Info (332119):     0.234               0.000 delay:comb_3|dFlipFlop:F1|q 
    Info (332119):     0.234               0.000 delay:comb_3|dFlipFlop:F2|q 
    Info (332119):     0.234               0.000 delay:comb_3|dFlipFlop:F3|q 
    Info (332119):     0.234               0.000 delay:comb_3|dFlipFlop:F4|q 
    Info (332119):     0.234               0.000 delay:comb_3|dFlipFlop:F5|q 
    Info (332119):     0.234               0.000 delay:comb_3|dFlipFlop:F6|q 
    Info (332119):     0.234               0.000 delay:comb_3|dFlipFlop:F7|q 
    Info (332119):     0.234               0.000 delay:comb_3|dFlipFlop:F8|q 
    Info (332119):     0.234               0.000 delay:comb_3|dFlipFlop:F9|q 
Info (332001): The selected device family is not supported by the report_metastability command.
Info (332102): Design is not fully constrained for setup requirements
Info (332102): Design is not fully constrained for hold requirements
Info: Quartus Prime Timing Analyzer was successful. 0 errors, 3 warnings
    Info: Peak virtual memory: 364 megabytes
    Info: Processing ended: Wed May 15 17:17:38 2024
    Info: Elapsed time: 00:00:01
    Info: Total CPU time (on all processors): 00:00:00


